[0.054s] Invoking command in '/home/divspanpi2/robo_ws/build/nexus': CMAKE_PREFIX_PATH=${CMAKE_PREFIX_PATH}:/home/divspanpi2/robo_ws/install/robot:/home/divspanpi2/robo_ws/install/bno055:/opt/ros/humble /usr/bin/cmake --build /home/divspanpi2/robo_ws/build/nexus -- -j4 -l4
[0.242s] [35m[1mConsolidate compiler generated dependencies of target main_node[0m
[0.329s] [ 25%] [32mBuilding CXX object CMakeFiles/main_node.dir/src/main.cpp.o[0m
[0.352s] [ 50%] [32mBuilding CXX object CMakeFiles/icp_node.dir/src/lidar/icp_node.cpp.o[0m
[30.904s] [01m[K/home/divspanpi2/robo_ws/src/nexus/src/lidar/icp_node.cpp:[m[K In member function â€˜[01m[Kvoid ICPNode::scanCallback(sensor_msgs::msg::LaserScan_<std::allocator<void> >::SharedPtr)[m[Kâ€™:
[30.904s] [01m[K/home/divspanpi2/robo_ws/src/nexus/src/lidar/icp_node.cpp:35:14:[m[K [01;31m[Kerror: [m[Kâ€˜[01m[KremoveNaNFromPointCloud[m[Kâ€™ is not a member of â€˜[01m[Kpcl[m[Kâ€™
[30.906s]    35 |         pcl::[01;31m[KremoveNaNFromPointCloud[m[K(*cloud, *cloud, indices);
[30.906s]       |              [01;31m[K^~~~~~~~~~~~~~~~~~~~~~~[m[K
[58.281s] gmake[2]: *** [CMakeFiles/icp_node.dir/build.make:76: CMakeFiles/icp_node.dir/src/lidar/icp_node.cpp.o] Error 1
[58.282s] gmake[1]: *** [CMakeFiles/Makefile2:165: CMakeFiles/icp_node.dir/all] Error 2
[58.282s] gmake[1]: *** Waiting for unfinished jobs....
[63.011s] [ 75%] [32m[1mLinking CXX executable main_node[0m
[66.156s] [ 75%] Built target main_node
[66.160s] gmake: *** [Makefile:146: all] Error 2
[66.167s] Invoked command in '/home/divspanpi2/robo_ws/build/nexus' returned '2': CMAKE_PREFIX_PATH=${CMAKE_PREFIX_PATH}:/home/divspanpi2/robo_ws/install/robot:/home/divspanpi2/robo_ws/install/bno055:/opt/ros/humble /usr/bin/cmake --build /home/divspanpi2/robo_ws/build/nexus -- -j4 -l4
