[35m[1mConsolidate compiler generated dependencies of target main_node[0m
[35m[1mConsolidate compiler generated dependencies of target icp_node[0m
[ 50%] Built target main_node
gmake[2]: Warning: File '/home/divspanpi2/robo_ws/src/nexus/src/lidar/icp_node.cpp' has modification time 25197 s in the future
[ 75%] [32mBuilding CXX object CMakeFiles/icp_node.dir/src/lidar/icp_node.cpp.o[0m
[01m[K/home/divspanpi2/robo_ws/src/nexus/src/lidar/icp_node.cpp:[m[K In member function â€˜[01m[Kvoid ICPNode::scanCallback(sensor_msgs::msg::LaserScan_<std::allocator<void> >::SharedPtr)[m[Kâ€™:
[01m[K/home/divspanpi2/robo_ws/src/nexus/src/lidar/icp_node.cpp:30:14:[m[K [01;31m[Kerror: [m[Kâ€˜[01m[KremoveNaNFromPointCloud[m[Kâ€™ is not a member of â€˜[01m[Kpcl[m[Kâ€™
   30 |         pcl::[01;31m[KremoveNaNFromPointCloud[m[K(*cloud, *cloud, indices);
      |              [01;31m[K^~~~~~~~~~~~~~~~~~~~~~~[m[K
gmake[2]: *** [CMakeFiles/icp_node.dir/build.make:76: CMakeFiles/icp_node.dir/src/lidar/icp_node.cpp.o] Error 1
gmake[1]: *** [CMakeFiles/Makefile2:165: CMakeFiles/icp_node.dir/all] Error 2
gmake: *** [Makefile:146: all] Error 2
