[0.054s] Invoking command in '/home/divspanpi2/robo_ws/build/nexus': CMAKE_PREFIX_PATH=${CMAKE_PREFIX_PATH}:/home/divspanpi2/robo_ws/install/robot:/home/divspanpi2/robo_ws/install/bno055:/opt/ros/humble /usr/bin/cmake --build /home/divspanpi2/robo_ws/build/nexus -- -j4 -l4
[0.174s] -- Found ament_cmake: 1.3.10 (/opt/ros/humble/share/ament_cmake/cmake)
[0.761s] -- Found rclcpp: 16.0.10 (/opt/ros/humble/share/rclcpp/cmake)
[0.939s] -- Found rosidl_generator_c: 3.1.5 (/opt/ros/humble/share/rosidl_generator_c/cmake)
[0.949s] -- Found rosidl_adapter: 3.1.5 (/opt/ros/humble/share/rosidl_adapter/cmake)
[0.973s] -- Found rosidl_generator_cpp: 3.1.5 (/opt/ros/humble/share/rosidl_generator_cpp/cmake)
[1.012s] -- Using all available rosidl_typesupport_c: rosidl_typesupport_fastrtps_c;rosidl_typesupport_introspection_c
[1.062s] -- Using all available rosidl_typesupport_cpp: rosidl_typesupport_fastrtps_cpp;rosidl_typesupport_introspection_cpp
[1.189s] -- Found rmw_implementation_cmake: 6.1.2 (/opt/ros/humble/share/rmw_implementation_cmake/cmake)
[1.195s] -- Found rmw_fastrtps_cpp: 6.2.7 (/opt/ros/humble/share/rmw_fastrtps_cpp/cmake)
[2.169s] -- Using RMW implementation 'rmw_fastrtps_cpp' as default
[2.353s] -- Found sensor_msgs: 4.2.4 (/opt/ros/humble/share/sensor_msgs/cmake)
[2.464s] -- Found laser_geometry: 2.4.0 (/opt/ros/humble/share/laser_geometry/cmake)
[2.498s] -- Found pcl_conversions: 2.4.5 (/opt/ros/humble/share/pcl_conversions/cmake)
[2.632s] -- Eigen found (include: /usr/include/eigen3, version: 3.4.0)
[2.889s] -- FLANN found (include: /usr/include, lib: /usr/lib/aarch64-linux-gnu/libflann_cpp.so)
[4.125s] -- OpenNI found (version: 1.5.4.0, include: /usr/include/ni, lib: /usr/lib/libOpenNI.so;libusb::libusb)
[4.150s] -- OpenNI2 found (version: 2.2.0.33, include: /usr/include/openni2, lib: /usr/lib/aarch64-linux-gnu/libOpenNI2.so;libusb::libusb)
[4.775s] -- Eigen found (include: /usr/include/eigen3, version: 3.4.0)
[4.802s] -- OpenNI found (version: 1.5.4.0, include: /usr/include/ni, lib: /usr/lib/libOpenNI.so;libusb::libusb)
[4.828s] -- OpenNI2 found (version: 2.2.0.33, include: /usr/include/openni2, lib: /usr/lib/aarch64-linux-gnu/libOpenNI2.so;libusb::libusb)
[5.423s] -- Found Qhull version 8.0.2
[6.039s] -- OpenNI found (version: 1.5.4.0, include: /usr/include/ni, lib: /usr/lib/libOpenNI.so;libusb::libusb)
[6.671s] [33mCMake Warning (dev) at CMakeLists.txt:19 (find_package):
[6.671s]   Policy CMP0074 is not set: find_package uses <PackageName>_ROOT variables.
[6.672s]   Run "cmake --help-policy CMP0074" for policy details.  Use the cmake_policy
[6.672s]   command to set the policy and suppress this warning.
[6.672s] 
[6.673s]   CMake variable PCL_ROOT is set to:
[6.673s] 
[6.673s]     /usr
[6.674s] 
[6.674s]   For compatibility, CMake is ignoring the variable.
[6.674s] This warning is for project developers.  Use -Wno-dev to suppress it.
[6.674s] [0m
[7.037s] -- Configuring done
[7.246s] -- Generating done
[7.257s] -- Build files have been written to: /home/divspanpi2/robo_ws/build/nexus
[7.409s] [35m[1mConsolidate compiler generated dependencies of target main_node[0m
[7.420s] gmake[2]: Warning: File '/home/divspanpi2/robo_ws/src/nexus/src/lidar/icp_node.cpp' has modification time 24471 s in the future
[7.452s] [ 25%] [32mBuilding CXX object CMakeFiles/icp_node.dir/src/lidar/icp_node.cpp.o[0m
[7.499s] [ 75%] Built target main_node
[9.325s] [01m[K/home/divspanpi2/robo_ws/src/nexus/src/lidar/icp_node.cpp:4:10:[m[K [01;31m[Kfatal error: [m[Klaser_geometry/laser_geometry.hpp: No such file or directory
[9.326s]     4 | #include [01;31m[K<laser_geometry/laser_geometry.hpp>[m[K
[9.326s]       |          [01;31m[K^~~~~~~~~~~~~~~~~~~~~~~~~~~~~~~~~~~[m[K
[9.326s] compilation terminated.
[9.337s] gmake[2]: *** [CMakeFiles/icp_node.dir/build.make:76: CMakeFiles/icp_node.dir/src/lidar/icp_node.cpp.o] Error 1
[9.338s] gmake[1]: *** [CMakeFiles/Makefile2:165: CMakeFiles/icp_node.dir/all] Error 2
[9.339s] gmake: *** [Makefile:146: all] Error 2
[9.347s] Invoked command in '/home/divspanpi2/robo_ws/build/nexus' returned '2': CMAKE_PREFIX_PATH=${CMAKE_PREFIX_PATH}:/home/divspanpi2/robo_ws/install/robot:/home/divspanpi2/robo_ws/install/bno055:/opt/ros/humble /usr/bin/cmake --build /home/divspanpi2/robo_ws/build/nexus -- -j4 -l4
