[0.053s] Invoking command in '/home/divspanpi2/robo_ws/build/nexus': CMAKE_PREFIX_PATH=${CMAKE_PREFIX_PATH}:/home/divspanpi2/robo_ws/install/robot:/home/divspanpi2/robo_ws/install/bno055:/opt/ros/humble /usr/bin/cmake --build /home/divspanpi2/robo_ws/build/nexus -- -j4 -l4
[0.244s] [35m[1mConsolidate compiler generated dependencies of target main_node[0m
[0.334s] [ 25%] [32mBuilding CXX object CMakeFiles/main_node.dir/src/main.cpp.o[0m
[0.353s] [ 75%] Built target icp_node
[10.449s] [01m[K/home/divspanpi2/robo_ws/src/nexus/src/main.cpp:[m[K In member function â€˜[01m[Kvoid MainNode::wheel_twist_callback(std_msgs::msg::Float32MultiArray_<std::allocator<void> >::SharedPtr)[m[Kâ€™:
[10.450s] [01m[K/home/divspanpi2/robo_ws/src/nexus/src/main.cpp:54:7:[m[K [01;31m[Kerror: [m[Kâ€˜[01m[Kx_local_[m[Kâ€™ was not declared in this scope; did you mean â€˜[01m[Kvx_local_[m[Kâ€™?
[10.450s]    54 |       [01;31m[Kx_local_[m[K += vx_local_;
[10.451s]       |       [01;31m[K^~~~~~~~[m[K
[10.451s]       |       [32m[Kvx_local_[m[K
[10.468s] [01m[K/home/divspanpi2/robo_ws/src/nexus/src/main.cpp:56:7:[m[K [01;31m[Kerror: [m[Kâ€˜[01m[Kx_local_[m[Kâ€™ was not declared in this scope; did you mean â€˜[01m[Kvx_local_[m[Kâ€™?
[10.469s]    56 |       [01;31m[Kx_local_[m[K += 0.0;
[10.469s]       |       [01;31m[K^~~~~~~~[m[K
[10.470s]       |       [32m[Kvx_local_[m[K
[10.487s] [01m[K/home/divspanpi2/robo_ws/src/nexus/src/main.cpp:59:7:[m[K [01;31m[Kerror: [m[Kâ€˜[01m[Ky_local_[m[Kâ€™ was not declared in this scope; did you mean â€˜[01m[Kvy_local_[m[Kâ€™?
[10.488s]    59 |       [01;31m[Ky_local_[m[K += vy_local_;
[10.488s]       |       [01;31m[K^~~~~~~~[m[K
[10.489s]       |       [32m[Kvy_local_[m[K
[10.507s] [01m[K/home/divspanpi2/robo_ws/src/nexus/src/main.cpp:61:7:[m[K [01;31m[Kerror: [m[Kâ€˜[01m[Ky_local_[m[Kâ€™ was not declared in this scope; did you mean â€˜[01m[Kvy_local_[m[Kâ€™?
[10.507s]    61 |       [01;31m[Ky_local_[m[K += 0.0;
[10.507s]       |       [01;31m[K^~~~~~~~[m[K
[10.508s]       |       [32m[Kvy_local_[m[K
[10.525s] [01m[K/home/divspanpi2/robo_ws/src/nexus/src/main.cpp:64:70:[m[K [01;31m[Kerror: [m[Kâ€˜[01m[Kx_local_[m[Kâ€™ was not declared in this scope; did you mean â€˜[01m[Kvx_local_[m[Kâ€™?
[10.526s]    64 | cal position: x_local = %f, y_local = %f, yaw = %f\n", [01;31m[Kx_local_[m[K, y_local_, theta_);
[10.526s]       |                                                        [01;31m[K^~~~~~~~[m[K
[10.527s]       |                                                        [32m[Kvx_local_[m[K
[10.544s] [01m[K/home/divspanpi2/robo_ws/src/nexus/src/main.cpp:64:80:[m[K [01;31m[Kerror: [m[Kâ€˜[01m[Ky_local_[m[Kâ€™ was not declared in this scope; did you mean â€˜[01m[Kvy_local_[m[Kâ€™?
[10.544s]    64 | on: x_local = %f, y_local = %f, yaw = %f\n", x_local_, [01;31m[Ky_local_[m[K, theta_);
[10.545s]       |                                                        [01;31m[K^~~~~~~~[m[K
[10.545s]       |                                                        [32m[Kvy_local_[m[K
[25.219s] gmake[2]: *** [CMakeFiles/main_node.dir/build.make:76: CMakeFiles/main_node.dir/src/main.cpp.o] Error 1
[25.219s] gmake[1]: *** [CMakeFiles/Makefile2:139: CMakeFiles/main_node.dir/all] Error 2
[25.220s] gmake: *** [Makefile:146: all] Error 2
[25.228s] Invoked command in '/home/divspanpi2/robo_ws/build/nexus' returned '2': CMAKE_PREFIX_PATH=${CMAKE_PREFIX_PATH}:/home/divspanpi2/robo_ws/install/robot:/home/divspanpi2/robo_ws/install/bno055:/opt/ros/humble /usr/bin/cmake --build /home/divspanpi2/robo_ws/build/nexus -- -j4 -l4
